{
  "RSpec": {
    "coverage": {
      "/Users/trpubz/turing2308/3mod/projects/fastracks/FasTracks-BE/config/environment.rb": {
        "lines": [
          null,
          1,
          null,
          null,
          1
        ]
      },
      "/Users/trpubz/turing2308/3mod/projects/fastracks/FasTracks-BE/config/application.rb": {
        "lines": [
          1,
          null,
          1,
          null,
          1,
          1,
          1,
          1,
          1,
          1,
          1,
          1,
          1,
          1,
          null,
          null,
          null,
          null,
          1,
          null,
          1,
          1,
          null,
          1,
          null,
          null,
          null,
          null,
          null,
          null,
          null,
          null,
          null,
          null,
          null,
          null,
          1,
          null,
          null
        ]
      },
      "/Users/trpubz/turing2308/3mod/projects/fastracks/FasTracks-BE/config/boot.rb": {
        "lines": [
          1,
          null,
          1,
          1
        ]
      },
      "/Users/trpubz/turing2308/3mod/projects/fastracks/FasTracks-BE/config/environments/test.rb": {
        "lines": [
          1,
          null,
          null,
          null,
          null,
          null,
          null,
          1,
          null,
          null,
          null,
          1,
          null,
          null,
          null,
          null,
          1,
          null,
          null,
          1,
          1,
          null,
          null,
          null,
          null,
          1,
          1,
          1,
          null,
          null,
          1,
          null,
          null,
          1,
          null,
          null,
          1,
          null,
          1,
          null,
          null,
          null,
          null,
          1,
          null,
          null,
          1,
          null,
          null,
          1,
          null,
          null,
          1,
          null,
          null,
          null,
          null,
          null,
          null,
          null
        ]
      },
      "/Users/trpubz/turing2308/3mod/projects/fastracks/FasTracks-BE/config/initializers/cors.rb": {
        "lines": [
          null,
          null,
          null,
          null,
          null,
          null,
          null,
          null,
          null,
          null,
          null,
          null,
          null,
          null,
          null,
          null
        ]
      },
      "/Users/trpubz/turing2308/3mod/projects/fastracks/FasTracks-BE/config/initializers/filter_parameter_logging.rb": {
        "lines": [
          null,
          null,
          null,
          null,
          null,
          1,
          null,
          null
        ]
      },
      "/Users/trpubz/turing2308/3mod/projects/fastracks/FasTracks-BE/config/initializers/inflections.rb": {
        "lines": [
          null,
          null,
          null,
          null,
          null,
          null,
          null,
          null,
          null,
          null,
          null,
          null,
          null,
          null,
          null,
          null
        ]
      },
      "/Users/trpubz/turing2308/3mod/projects/fastracks/FasTracks-BE/spec/factories/genres.rb": {
        "lines": [
          1,
          1,
          1,
          null,
          null
        ]
      },
      "/Users/trpubz/turing2308/3mod/projects/fastracks/FasTracks-BE/spec/factories/songs.rb": {
        "lines": [
          1,
          1,
          1,
          null,
          null
        ]
      },
      "/Users/trpubz/turing2308/3mod/projects/fastracks/FasTracks-BE/config/routes.rb": {
        "lines": [
          1,
          null,
          null,
          null,
          null,
          null,
          null,
          1,
          null
        ]
      },
      "/Users/trpubz/turing2308/3mod/projects/fastracks/FasTracks-BE/app/models/genre.rb": {
        "lines": [
          1,
          null
        ]
      },
      "/Users/trpubz/turing2308/3mod/projects/fastracks/FasTracks-BE/app/models/application_record.rb": {
        "lines": [
          1,
          1,
          null
        ]
      },
      "/Users/trpubz/turing2308/3mod/projects/fastracks/FasTracks-BE/spec/models/song_spec.rb": {
        "lines": [
          1,
          null,
          1,
          1,
          null
        ]
      },
      "/Users/trpubz/turing2308/3mod/projects/fastracks/FasTracks-BE/app/models/song.rb": {
        "lines": [
          1,
          null
        ]
      },
      "/Users/trpubz/turing2308/3mod/projects/fastracks/FasTracks-BE/spec/requests/api/v1/songs_selection_spec.rb": {
        "lines": [
          1,
          null,
          1,
          1,
          1,
          3,
          null,
          3,
          null,
          null,
          null,
          null,
          null,
          null,
          null,
          null,
          null,
          null,
          null,
          1,
          1,
          null,
          1,
          null,
          1,
          null,
          null,
          1,
          1,
          1,
          null,
          1,
          null,
          null,
          null,
          null,
          null,
          null,
          null,
          null,
          null,
          null,
          1,
          null,
          1,
          null,
          1,
          1,
          1,
          null,
          null,
          1,
          1,
          null,
          1,
          null,
          null,
          null,
          null,
          null,
          null,
          null,
          null,
          null,
          null,
          1,
          null,
          1,
          null,
          1,
          1,
          1,
          null,
          null,
          null,
          null
        ]
      },
      "/Users/trpubz/turing2308/3mod/projects/fastracks/FasTracks-BE/app/controllers/Api/V1/playlists_controller.rb": {
        "lines": [
          1,
          1,
          null,
          3,
          1,
          null,
          2,
          null,
          2,
          2,
          2,
          0,
          0,
          0,
          0,
          0,
          0,
          null,
          0,
          null,
          null,
          null,
          2,
          null,
          null,
          null,
          2,
          1,
          1,
          0,
          1,
          0,
          null,
          null,
          1,
          null,
          null,
          null,
          null,
          1,
          null,
          1,
          null,
          null,
          null,
          null,
          null,
          null,
          null,
          null,
          null,
          null,
          null,
          null,
          null,
          null,
          null,
          null,
          null,
          null
        ]
      },
      "/Users/trpubz/turing2308/3mod/projects/fastracks/FasTracks-BE/app/controllers/application_controller.rb": {
        "lines": [
          1,
          null
        ]
      },
      "/Users/trpubz/turing2308/3mod/projects/fastracks/FasTracks-BE/spec/services/spotify_api_service_spec.rb": {
        "lines": [
          1,
          null,
          1,
          1,
          2,
          2,
          null,
          null,
          1,
          1,
          1,
          1,
          null,
          null,
          1,
          1,
          null,
          1,
          null,
          null,
          null,
          null,
          null,
          null,
          null,
          null,
          null,
          null,
          1,
          null,
          1,
          null,
          1,
          null,
          1,
          10,
          10,
          10,
          10,
          null,
          10,
          17,
          null,
          null,
          null,
          null
        ]
      },
      "/Users/trpubz/turing2308/3mod/projects/fastracks/FasTracks-BE/app/services/spotify_api_service.rb": {
        "lines": [
          1,
          1,
          3,
          3,
          null,
          null,
          3,
          null,
          null,
          1,
          null,
          0,
          0,
          null,
          null,
          0,
          null,
          null,
          null,
          0,
          0,
          null,
          null,
          1,
          null,
          0,
          0,
          null,
          null,
          0,
          null,
          null,
          null,
          0,
          0,
          null,
          null,
          1,
          0,
          null,
          null,
          null,
          null,
          1,
          3,
          3,
          null,
          null,
          null,
          1,
          3,
          null,
          null
        ]
      }
    },
    "timestamp": 1704573721
  }
}
